kotlin version: 2.1.20
error message: org.jetbrains.kotlin.backend.common.BackendException: Backend Internal error: Exception during IR lowering
File being compiled: /home/cies/Repos/djb/djb-kotlin/src/test/kotlin/io/djb/kotlin/PgIntegrationTest.kt
The root cause java.lang.RuntimeException was thrown at: org.jetbrains.kotlin.backend.jvm.codegen.FunctionCodegen.generate(FunctionCodegen.kt:48)
	at org.jetbrains.kotlin.backend.common.CodegenUtil.reportBackendException(CodegenUtil.kt:107)
	at org.jetbrains.kotlin.backend.common.CodegenUtil.reportBackendException$default(CodegenUtil.kt:90)
	at org.jetbrains.kotlin.backend.common.phaser.PerformByIrFilePhase.invokeSequential(performByIrFile.kt:54)
	at org.jetbrains.kotlin.backend.common.phaser.PerformByIrFilePhase.invoke(performByIrFile.kt:41)
	at org.jetbrains.kotlin.backend.common.phaser.PerformByIrFilePhase.invoke(performByIrFile.kt:27)
	at org.jetbrains.kotlin.config.phaser.CompilerPhaseKt.invokeToplevel(CompilerPhase.kt:62)
	at org.jetbrains.kotlin.backend.jvm.JvmIrCodegenFactory.invokeCodegen(JvmIrCodegenFactory.kt:371)
	at org.jetbrains.kotlin.cli.jvm.compiler.KotlinToJVMBytecodeCompiler.runCodegen$cli(KotlinToJVMBytecodeCompiler.kt:413)
	at org.jetbrains.kotlin.cli.pipeline.jvm.JvmBackendPipelinePhase.executePhase(JvmBackendPipelinePhase.kt:98)
	at org.jetbrains.kotlin.cli.pipeline.jvm.JvmBackendPipelinePhase.executePhase(JvmBackendPipelinePhase.kt:30)
	at org.jetbrains.kotlin.cli.pipeline.PipelinePhase.phaseBody(PipelinePhase.kt:68)
	at org.jetbrains.kotlin.cli.pipeline.PipelinePhase.phaseBody(PipelinePhase.kt:58)
	at org.jetbrains.kotlin.config.phaser.SimpleNamedCompilerPhase.phaseBody(CompilerPhase.kt:215)
	at org.jetbrains.kotlin.config.phaser.NamedCompilerPhase.invoke(CompilerPhase.kt:111)
	at org.jetbrains.kotlin.backend.common.phaser.CompositePhase.invoke(PhaseBuilders.kt:28)
	at org.jetbrains.kotlin.config.phaser.CompilerPhaseKt.invokeToplevel(CompilerPhase.kt:62)
	at org.jetbrains.kotlin.cli.pipeline.AbstractCliPipeline.runPhasedPipeline(AbstractCliPipeline.kt:106)
	at org.jetbrains.kotlin.cli.pipeline.AbstractCliPipeline.execute(AbstractCliPipeline.kt:65)
	at org.jetbrains.kotlin.cli.jvm.K2JVMCompiler.doExecutePhased(K2JVMCompiler.kt:61)
	at org.jetbrains.kotlin.cli.jvm.K2JVMCompiler.doExecutePhased(K2JVMCompiler.kt:36)
	at org.jetbrains.kotlin.cli.common.CLICompiler.execImpl(CLICompiler.kt:80)
	at org.jetbrains.kotlin.cli.common.CLICompiler.exec(CLICompiler.kt:337)
	at org.jetbrains.kotlin.incremental.IncrementalJvmCompilerRunner.runCompiler(IncrementalJvmCompilerRunner.kt:466)
	at org.jetbrains.kotlin.incremental.IncrementalJvmCompilerRunner.runCompiler(IncrementalJvmCompilerRunner.kt:75)
	at org.jetbrains.kotlin.incremental.IncrementalCompilerRunner.doCompile(IncrementalCompilerRunner.kt:514)
	at org.jetbrains.kotlin.incremental.IncrementalCompilerRunner.compileImpl(IncrementalCompilerRunner.kt:431)
	at org.jetbrains.kotlin.incremental.IncrementalCompilerRunner.compileNonIncrementally(IncrementalCompilerRunner.kt:310)
	at org.jetbrains.kotlin.incremental.IncrementalCompilerRunner.compile(IncrementalCompilerRunner.kt:137)
	at org.jetbrains.kotlin.daemon.CompileServiceImplBase.execIncrementalCompiler(CompileServiceImpl.kt:678)
	at org.jetbrains.kotlin.daemon.CompileServiceImplBase.access$execIncrementalCompiler(CompileServiceImpl.kt:92)
	at org.jetbrains.kotlin.daemon.CompileServiceImpl.compile(CompileServiceImpl.kt:1805)
	at java.base/jdk.internal.reflect.DirectMethodHandleAccessor.invoke(DirectMethodHandleAccessor.java:103)
	at java.base/java.lang.reflect.Method.invoke(Method.java:580)
	at java.rmi/sun.rmi.server.UnicastServerRef.dispatch(UnicastServerRef.java:360)
	at java.rmi/sun.rmi.transport.Transport$1.run(Transport.java:200)
	at java.rmi/sun.rmi.transport.Transport$1.run(Transport.java:197)
	at java.base/java.security.AccessController.doPrivileged(AccessController.java:714)
	at java.rmi/sun.rmi.transport.Transport.serviceCall(Transport.java:196)
	at java.rmi/sun.rmi.transport.tcp.TCPTransport.handleMessages(TCPTransport.java:598)
	at java.rmi/sun.rmi.transport.tcp.TCPTransport$ConnectionHandler.run0(TCPTransport.java:844)
	at java.rmi/sun.rmi.transport.tcp.TCPTransport$ConnectionHandler.lambda$run$0(TCPTransport.java:721)
	at java.base/java.security.AccessController.doPrivileged(AccessController.java:400)
	at java.rmi/sun.rmi.transport.tcp.TCPTransport$ConnectionHandler.run(TCPTransport.java:720)
	at java.base/java.util.concurrent.ThreadPoolExecutor.runWorker(ThreadPoolExecutor.java:1144)
	at java.base/java.util.concurrent.ThreadPoolExecutor$Worker.run(ThreadPoolExecutor.java:642)
	at java.base/java.lang.Thread.run(Thread.java:1583)
Caused by: java.lang.RuntimeException: Exception while generating code for:
FUN name:deserializeToList simple data class visibility:public modality:FINAL <> ($this:io.djb.kotlin.PgIntegrationTest) returnType:kotlin.Unit
  annotations:
    Test
  $this: VALUE_PARAMETER name:<this> type:io.djb.kotlin.PgIntegrationTest
  BLOCK_BODY
    CALL 'public final fun use <T, R> (block: kotlin.Function1<T of kotlin.AutoCloseableKt.use, R of kotlin.AutoCloseableKt.use>): R of kotlin.AutoCloseableKt.use [inline] declared in kotlin.AutoCloseableKt' type=kotlin.Unit origin=null
      <T>: io.djb.pg.PgConnection
      <R>: kotlin.Unit
      $receiver: CALL 'private final fun connect (): io.djb.pg.PgConnection declared in io.djb.kotlin.PgIntegrationTest' type=io.djb.pg.PgConnection origin=null
        $this: GET_VAR '<this>: io.djb.kotlin.PgIntegrationTest declared in io.djb.kotlin.PgIntegrationTest.deserializeToList simple data class' type=io.djb.kotlin.PgIntegrationTest origin=null
      block: BLOCK type=kotlin.Function1<io.djb.pg.PgConnection, kotlin.Unit> origin=LAMBDA
        COMPOSITE type=kotlin.Unit origin=null
        FUNCTION_REFERENCE 'private final fun deserializeToList_simple_data_class$lambda$0 (conn: io.djb.pg.PgConnection): kotlin.Unit declared in io.djb.kotlin.PgIntegrationTest' type=kotlin.Function1<io.djb.pg.PgConnection, kotlin.Unit> origin=INLINE_LAMBDA reflectionTarget=null

	at org.jetbrains.kotlin.backend.jvm.codegen.FunctionCodegen.generate(FunctionCodegen.kt:48)
	at org.jetbrains.kotlin.backend.jvm.codegen.FunctionCodegen.generate$default(FunctionCodegen.kt:41)
	at org.jetbrains.kotlin.backend.jvm.codegen.ClassCodegen.generateMethodNode(ClassCodegen.kt:405)
	at org.jetbrains.kotlin.backend.jvm.codegen.ClassCodegen.generateMethod(ClassCodegen.kt:422)
	at org.jetbrains.kotlin.backend.jvm.codegen.ClassCodegen.generate(ClassCodegen.kt:167)
	at org.jetbrains.kotlin.backend.jvm.JvmIrCodegenFactory.generateFile$lambda$18(JvmIrCodegenFactory.kt:398)
	at org.jetbrains.kotlin.backend.common.phaser.PhaseBuildersKt$createSimpleNamedCompilerPhase$1.phaseBody(PhaseBuilders.kt:68)
	at org.jetbrains.kotlin.config.phaser.SimpleNamedCompilerPhase.phaseBody(CompilerPhase.kt:215)
	at org.jetbrains.kotlin.config.phaser.NamedCompilerPhase.invoke(CompilerPhase.kt:111)
	at org.jetbrains.kotlin.backend.common.phaser.PerformByIrFilePhase.invokeSequential(performByIrFile.kt:51)
	... 43 more
Caused by: java.lang.RuntimeException: Exception while generating code for:
FUN INLINE_LAMBDA name:deserializeToList_simple_data_class$lambda$0 visibility:private modality:FINAL <> (conn:io.djb.pg.PgConnection) returnType:kotlin.Unit
  VALUE_PARAMETER name:conn index:0 type:io.djb.pg.PgConnection
  BLOCK_BODY
    VAR name:$i$a$-use-PgIntegrationTest$deserializeToList simple data class$1 type:kotlin.Int [val]
      CONST Int type=kotlin.Int value=0
    COMPOSITE type=kotlin.Unit origin=null
      CALL 'public open fun query (p0: @[NonNull] @[EnhancedNullability] kotlin.String): @[NonNull] @[EnhancedNullability] io.djb.RowSet [fake_override] declared in io.djb.pg.PgConnection' type=@[EnhancedNullability] @[NonNull] io.djb.RowSet origin=null
        $this: GET_VAR 'conn: io.djb.pg.PgConnection declared in io.djb.kotlin.PgIntegrationTest.deserializeToList_simple_data_class$lambda$0' type=io.djb.pg.PgConnection origin=null
        p0: CONST String type=kotlin.String value="CREATE TEMP TABLE users (id int, name text, email text)"
      COMPOSITE type=kotlin.Unit origin=null
    COMPOSITE type=kotlin.Unit origin=null
      CALL 'public open fun query (p0: @[NonNull] @[EnhancedNullability] kotlin.String): @[NonNull] @[EnhancedNullability] io.djb.RowSet [fake_override] declared in io.djb.pg.PgConnection' type=@[EnhancedNullability] @[NonNull] io.djb.RowSet origin=null
        $this: GET_VAR 'conn: io.djb.pg.PgConnection declared in io.djb.kotlin.PgIntegrationTest.deserializeToList_simple_data_class$lambda$0' type=io.djb.pg.PgConnection origin=null
        p0: CONST String type=kotlin.String value="INSERT INTO users VALUES (1, 'Alice', 'alice@test.com'), (2, 'Bob', 'bob@test.com')"
      COMPOSITE type=kotlin.Unit origin=null
    VAR name:users type:kotlin.collections.List<io.djb.kotlin.PgIntegrationTest.User> [val]
      CALL 'public final fun deserializeToList <T> (): kotlin.collections.List<T of io.djb.kotlin.ExtensionsKt.deserializeToList> [inline] declared in io.djb.kotlin.ExtensionsKt' type=kotlin.collections.List<io.djb.kotlin.PgIntegrationTest.User> origin=null
        <T>: io.djb.kotlin.PgIntegrationTest.User
        $receiver: BLOCK type=@[NonNull] io.djb.RowSet origin=null
          VAR IR_TEMPORARY_VARIABLE name:tmp0 type:kotlin.Any? [val]
            CALL 'public open fun query (p0: @[NonNull] @[EnhancedNullability] kotlin.String): @[NonNull] @[EnhancedNullability] io.djb.RowSet [fake_override] declared in io.djb.pg.PgConnection' type=@[EnhancedNullability] @[NonNull] io.djb.RowSet origin=null
              $this: GET_VAR 'conn: io.djb.pg.PgConnection declared in io.djb.kotlin.PgIntegrationTest.deserializeToList_simple_data_class$lambda$0' type=io.djb.pg.PgConnection origin=null
              p0: CONST String type=kotlin.String value="SELECT id, name, email FROM users ORDER BY id"
          CALL 'public final fun checkNotNullExpressionValue (value: kotlin.Any?, expression: kotlin.String): kotlin.Unit declared in kotlin.jvm.internal.Intrinsics' type=kotlin.Unit origin=null
            value: GET_VAR 'val tmp0: kotlin.Any? [val] declared in io.djb.kotlin.PgIntegrationTest.deserializeToList_simple_data_class$lambda$0' type=kotlin.Any? origin=null
            expression: CONST String type=kotlin.String value="query(...)"
          GET_VAR 'val tmp0: kotlin.Any? [val] declared in io.djb.kotlin.PgIntegrationTest.deserializeToList_simple_data_class$lambda$0' type=kotlin.Any? origin=null
    CALL 'public open fun assertEquals (expected: kotlin.Int, actual: kotlin.Int): kotlin.Unit declared in org.junit.jupiter.api.Assertions' type=kotlin.Unit origin=null
      expected: CONST Int type=kotlin.Int value=2
      actual: CALL 'public abstract fun <get-size> (): kotlin.Int declared in kotlin.collections.List' type=kotlin.Int origin=GET_PROPERTY
        $this: GET_VAR 'val users: kotlin.collections.List<io.djb.kotlin.PgIntegrationTest.User> [val] declared in io.djb.kotlin.PgIntegrationTest.deserializeToList_simple_data_class$lambda$0' type=kotlin.collections.List<io.djb.kotlin.PgIntegrationTest.User> origin=null
    CALL 'public open fun assertEquals (expected: @[FlexibleNullability] kotlin.Any?, actual: @[FlexibleNullability] kotlin.Any?): kotlin.Unit declared in org.junit.jupiter.api.Assertions' type=kotlin.Unit origin=null
      expected: CONSTRUCTOR_CALL 'public constructor <init> (id: kotlin.Int, name: kotlin.String, email: kotlin.String) [primary] declared in io.djb.kotlin.PgIntegrationTest.User' type=io.djb.kotlin.PgIntegrationTest.User origin=null
        id: CONST Int type=kotlin.Int value=1
        name: CONST String type=kotlin.String value="Alice"
        email: CONST String type=kotlin.String value="alice@test.com"
      actual: CALL 'public abstract fun get (index: kotlin.Int): E of kotlin.collections.List [operator] declared in kotlin.collections.List' type=io.djb.kotlin.PgIntegrationTest.User origin=GET_ARRAY_ELEMENT
        $this: GET_VAR 'val users: kotlin.collections.List<io.djb.kotlin.PgIntegrationTest.User> [val] declared in io.djb.kotlin.PgIntegrationTest.deserializeToList_simple_data_class$lambda$0' type=kotlin.collections.List<io.djb.kotlin.PgIntegrationTest.User> origin=null
        index: CONST Int type=kotlin.Int value=0
    CALL 'public open fun assertEquals (expected: @[FlexibleNullability] kotlin.Any?, actual: @[FlexibleNullability] kotlin.Any?): kotlin.Unit declared in org.junit.jupiter.api.Assertions' type=kotlin.Unit origin=null
      expected: CONSTRUCTOR_CALL 'public constructor <init> (id: kotlin.Int, name: kotlin.String, email: kotlin.String) [primary] declared in io.djb.kotlin.PgIntegrationTest.User' type=io.djb.kotlin.PgIntegrationTest.User origin=null
        id: CONST Int type=kotlin.Int value=2
        name: CONST String type=kotlin.String value="Bob"
        email: CONST String type=kotlin.String value="bob@test.com"
      actual: CALL 'public abstract fun get (index: kotlin.Int): E of kotlin.collections.List [operator] declared in kotlin.collections.List' type=io.djb.kotlin.PgIntegrationTest.User origin=GET_ARRAY_ELEMENT
        $this: GET_VAR 'val users: kotlin.collections.List<io.djb.kotlin.PgIntegrationTest.User> [val] declared in io.djb.kotlin.PgIntegrationTest.deserializeToList_simple_data_class$lambda$0' type=kotlin.collections.List<io.djb.kotlin.PgIntegrationTest.User> origin=null
        index: CONST Int type=kotlin.Int value=1

	at org.jetbrains.kotlin.backend.jvm.codegen.FunctionCodegen.generate(FunctionCodegen.kt:48)
	at org.jetbrains.kotlin.backend.jvm.codegen.IrSourceCompilerForInline.generateLambdaBody(IrSourceCompilerForInline.kt:68)
	at org.jetbrains.kotlin.codegen.inline.ExpressionLambda.generateLambdaBody(LambdaInfo.kt:72)
	at org.jetbrains.kotlin.backend.jvm.codegen.IrInlineCodegen.genValueAndPut(IrInlineCodegen.kt:100)
	at org.jetbrains.kotlin.backend.jvm.codegen.ExpressionCodegen.visitCall$handleParameter(ExpressionCodegen.kt:557)
	at org.jetbrains.kotlin.backend.jvm.codegen.ExpressionCodegen.visitCall(ExpressionCodegen.kt:585)
	at org.jetbrains.kotlin.backend.jvm.codegen.ExpressionCodegen.visitCall(ExpressionCodegen.kt:135)
	at org.jetbrains.kotlin.ir.expressions.IrCall.accept(IrCall.kt:24)
	at org.jetbrains.kotlin.backend.jvm.codegen.ExpressionCodegen.visitStatementContainer(ExpressionCodegen.kt:520)
	at org.jetbrains.kotlin.backend.jvm.codegen.ExpressionCodegen.visitBlockBody(ExpressionCodegen.kt:525)
	at org.jetbrains.kotlin.backend.jvm.codegen.ExpressionCodegen.visitBlockBody(ExpressionCodegen.kt:135)
	at org.jetbrains.kotlin.ir.expressions.IrBlockBody.accept(IrBlockBody.kt:20)
	at org.jetbrains.kotlin.backend.jvm.codegen.ExpressionCodegen.generate(ExpressionCodegen.kt:237)
	at org.jetbrains.kotlin.backend.jvm.codegen.FunctionCodegen.doGenerate(FunctionCodegen.kt:124)
	at org.jetbrains.kotlin.backend.jvm.codegen.FunctionCodegen.generate(FunctionCodegen.kt:45)
	... 52 more
Caused by: org.jetbrains.kotlin.codegen.CompilationException: Back-end (JVM) Internal error: Couldn't inline method call: CALL 'public final fun deserializeToList <T> (): kotlin.collections.List<T of io.djb.kotlin.ExtensionsKt.deserializeToList> [inline] declared in io.djb.kotlin.ExtensionsKt' type=kotlin.collections.List<io.djb.kotlin.PgIntegrationTest.User> origin=null
Method: null
File is unknown
The root cause java.io.FileNotFoundException was thrown at: java.base/java.io.FileInputStream.open0(Native Method)
	at org.jetbrains.kotlin.codegen.inline.InlineCodegen.performInline(InlineCodegen.kt:65)
	at org.jetbrains.kotlin.backend.jvm.codegen.IrInlineCodegen.genInlineCall(IrInlineCodegen.kt:163)
	at org.jetbrains.kotlin.backend.jvm.codegen.IrInlineCallGenerator.genCall(IrInlineCallGenerator.kt:36)
	at org.jetbrains.kotlin.backend.jvm.codegen.ExpressionCodegen.visitCall(ExpressionCodegen.kt:594)
	at org.jetbrains.kotlin.backend.jvm.codegen.ExpressionCodegen.visitCall(ExpressionCodegen.kt:135)
	at org.jetbrains.kotlin.ir.expressions.IrCall.accept(IrCall.kt:24)
	at org.jetbrains.kotlin.backend.jvm.codegen.ExpressionCodegen.visitVariable(ExpressionCodegen.kt:734)
	at org.jetbrains.kotlin.backend.jvm.codegen.ExpressionCodegen.visitVariable(ExpressionCodegen.kt:135)
	at org.jetbrains.kotlin.ir.declarations.IrVariable.accept(IrVariable.kt:36)
	at org.jetbrains.kotlin.backend.jvm.codegen.ExpressionCodegen.visitStatementContainer(ExpressionCodegen.kt:520)
	at org.jetbrains.kotlin.backend.jvm.codegen.ExpressionCodegen.visitBlockBody(ExpressionCodegen.kt:525)
	at org.jetbrains.kotlin.backend.jvm.codegen.ExpressionCodegen.visitBlockBody(ExpressionCodegen.kt:135)
	at org.jetbrains.kotlin.ir.expressions.IrBlockBody.accept(IrBlockBody.kt:20)
	at org.jetbrains.kotlin.backend.jvm.codegen.ExpressionCodegen.generate(ExpressionCodegen.kt:237)
	at org.jetbrains.kotlin.backend.jvm.codegen.FunctionCodegen.doGenerate(FunctionCodegen.kt:124)
	at org.jetbrains.kotlin.backend.jvm.codegen.FunctionCodegen.generate(FunctionCodegen.kt:45)
	... 66 more
Caused by: java.io.FileNotFoundException: /home/cies/Repos/djb/djb-kotlin/build/classes/kotlin/main/io/djb/kotlin/ExtensionsKt.class (No such file or directory)
	at java.base/java.io.FileInputStream.open0(Native Method)
	at java.base/java.io.FileInputStream.open(FileInputStream.java:213)
	at java.base/java.io.FileInputStream.<init>(FileInputStream.java:152)
	at org.jetbrains.kotlin.com.intellij.openapi.util.io.FileUtil.loadFileBytes(FileUtil.java:211)
	at org.jetbrains.kotlin.cli.common.localfs.KotlinLocalVirtualFile.contentsToByteArray(KotlinLocalVirtualFile.kt:108)
	at org.jetbrains.kotlin.codegen.inline.SourceCompilerForInlineKt.loadCompiledInlineFunction(SourceCompilerForInline.kt:94)
	at org.jetbrains.kotlin.backend.jvm.codegen.IrSourceCompilerForInline.compileInlineFunction(IrSourceCompilerForInline.kt:92)
	at org.jetbrains.kotlin.codegen.inline.InlineCodegen.compileInline(InlineCodegen.kt:42)
	at org.jetbrains.kotlin.codegen.inline.InlineCodegen.performInline(InlineCodegen.kt:50)
	... 81 more


